TN:
SF:src\app.js
FN:4,$
FN:13,fetchClients
FN:19,renderTable
FN:38,escapeHtml
FN:100,resetForm
FNF:5
FNH:5
FNDA:21,$
FNDA:5,fetchClients
FNDA:5,renderTable
FNDA:26,escapeHtml
FNDA:1,resetForm
DA:1,1
DA:2,1
DA:4,1
DA:5,1
DA:6,1
DA:7,1
DA:8,1
DA:9,1
DA:10,1
DA:11,1
DA:13,5
DA:14,5
DA:15,5
DA:16,5
DA:17,5
DA:19,5
DA:20,5
DA:21,5
DA:22,10
DA:23,10
DA:24,10
DA:25,10
DA:26,10
DA:27,10
DA:28,10
DA:29,10
DA:30,10
DA:31,10
DA:32,10
DA:33,10
DA:34,10
DA:35,10
DA:36,5
DA:38,26
DA:39,26
DA:40,26
DA:42,1
DA:43,2
DA:44,2
DA:46,2
DA:47,1
DA:48,1
DA:49,1
DA:50,1
DA:51,1
DA:52,1
DA:53,1
DA:54,1
DA:55,1
DA:56,1
DA:57,1
DA:59,2
DA:60,1
DA:61,1
DA:62,1
DA:63,0
DA:64,1
DA:65,1
DA:67,1
DA:68,1
DA:70,1
DA:71,1
DA:72,1
DA:73,1
DA:74,1
DA:76,1
DA:77,1
DA:78,0
DA:79,0
DA:80,0
DA:81,0
DA:82,0
DA:83,1
DA:84,1
DA:85,1
DA:86,1
DA:87,1
DA:88,1
DA:89,1
DA:91,1
DA:92,1
DA:93,1
DA:94,1
DA:95,0
DA:96,0
DA:97,0
DA:98,1
DA:100,1
DA:101,1
DA:102,1
DA:103,1
DA:104,1
DA:105,1
DA:107,1
DA:109,1
LF:95
LH:86
BRDA:4,0,0,21
BRDA:13,1,0,5
BRDA:19,2,0,5
BRDA:21,3,0,10
BRDA:27,4,0,6
BRDA:27,5,0,4
BRDA:38,6,0,26
BRDA:39,7,0,0
BRDA:42,8,0,2
BRDA:46,9,0,1
BRDA:59,10,0,1
BRDA:60,11,0,0
BRDA:62,12,0,0
BRDA:67,13,0,1
BRDA:73,14,0,0
BRDA:77,15,0,0
BRDA:94,16,0,0
BRDA:100,17,0,1
BRF:18
BRH:12
end_of_record
TN:
SF:src\utils.js
FN:1,escapeHtml
FN:5,renderTable
FNF:2
FNH:2
FNDA:6,escapeHtml
FNDA:1,renderTable
DA:1,1
DA:2,6
DA:3,6
DA:5,1
DA:6,1
DA:7,1
DA:8,2
DA:9,2
DA:10,2
DA:11,2
DA:12,2
DA:13,2
DA:14,2
DA:15,2
DA:16,2
DA:17,2
DA:18,2
DA:19,2
DA:20,2
DA:21,1
LF:20
LH:20
BRDA:1,0,0,6
BRDA:2,1,0,0
BRDA:2,2,0,6
BRDA:5,3,0,1
BRDA:7,4,0,2
BRDA:13,5,0,1
BRDA:13,6,0,1
BRF:7
BRH:6
end_of_record
